SF:lib\screens\articles_screen\articles_view_model.dart
DA:9,1
DA:11,1
DA:13,1
DA:14,1
DA:18,0
DA:21,3
DA:24,3
DA:26,1
DA:28,2
DA:30,3
DA:31,0
DA:33,2
DA:34,2
LF:13
LH:11
end_of_record
SF:lib\screens\shared_model\article.dart
DA:10,1
DA:18,0
DA:21,0
DA:24,0
DA:25,0
DA:27,0
DA:28,0
DA:29,0
DA:30,0
DA:32,0
DA:33,0
DA:37,0
DA:39,0
LF:13
LH:1
end_of_record
SF:lib\constants\app_constant.dart
DA:4,0
LF:1
LH:0
end_of_record
SF:lib\screens\articles_screen\articles_view.dart
DA:13,1
DA:15,1
DA:17,2
DA:18,2
DA:19,2
DA:21,1
DA:22,1
DA:25,1
DA:26,1
DA:28,1
DA:29,1
DA:30,2
DA:34,3
DA:35,2
DA:38,0
DA:39,0
DA:40,0
DA:41,0
DA:42,0
DA:43,0
DA:45,0
DA:46,0
DA:47,0
DA:51,0
DA:73,1
DA:79,1
DA:81,1
DA:82,4
DA:83,2
DA:89,0
DA:101,0
DA:103,0
DA:104,0
DA:105,0
DA:106,0
DA:107,0
DA:108,0
DA:109,0
DA:111,0
DA:112,0
DA:114,0
DA:115,0
DA:116,0
DA:117,0
DA:119,0
DA:123,0
DA:124,0
DA:125,0
DA:126,0
LF:49
LH:19
end_of_record
SF:lib\service\article_service.dart
DA:11,0
DA:14,0
DA:16,0
DA:18,0
DA:20,0
DA:23,0
DA:26,0
DA:27,0
LF:8
LH:0
end_of_record
SF:lib\screens\article_details_screen\article_details_view.dart
DA:13,0
DA:15,0
DA:16,0
DA:23,0
DA:25,0
DA:26,0
DA:27,0
DA:30,0
DA:32,0
DA:33,0
DA:35,0
DA:36,0
DA:39,0
DA:41,0
DA:42,0
DA:43,0
DA:45,0
DA:46,0
DA:48,0
DA:50,0
DA:52,0
DA:62,0
DA:70,0
DA:72,0
DA:73,0
DA:75,0
DA:76,0
DA:78,0
DA:79,0
DA:81,0
DA:90,0
DA:96,0
DA:98,0
DA:99,0
DA:100,0
DA:106,0
DA:114,0
DA:116,0
DA:117,0
DA:118,0
DA:124,0
DA:130,0
DA:132,0
DA:133,0
DA:134,0
DA:135,0
DA:136,0
DA:142,0
DA:143,0
DA:144,0
DA:145,0
DA:146,0
DA:149,0
DA:150,0
DA:152,0
DA:157,0
DA:158,0
DA:159,0
LF:58
LH:0
end_of_record
SF:lib\screens\article_details_screen\article_details_view_model.dart
DA:10,0
DA:13,0
DA:14,0
DA:15,0
DA:19,0
DA:20,0
DA:21,0
DA:22,0
DA:24,0
DA:25,0
DA:26,0
DA:30,0
DA:31,0
DA:36,0
DA:37,0
DA:39,0
DA:43,0
DA:44,0
DA:45,0
DA:49,0
DA:53,0
LF:21
LH:0
end_of_record
